<?xml version="1.0" encoding="UTF-8"?>
<testsuite name="Scenario: All comments are queried" tests="4" skipped="0" failures="0" errors="0" timestamp="2022-02-28T13:51:17" hostname="LAPTOP-8D7O2CVU" time="0.008">
  <properties/>
  <testcase name="Given all the comments are queried from Comments service" classname="Scenario: All comments are queried" time="0.001"/>
  <testcase name="When the service response is &quot;200&quot;" classname="Scenario: All comments are queried" time="0.0"/>
  <testcase name="Then there exist one or more comments" classname="Scenario: All comments are queried" time="0.0"/>
  <testcase name="classMethod" classname="Scenario: All comments are queried" time="1.113"/>
  <system-out><![CDATA[]]></system-out>
  <system-err><![CDATA[]]></system-err>
</testsuite>
