<?xml version="1.0" encoding="UTF-8"?>
<testsuite name="Scenario: User is queried by id" tests="5" skipped="0" failures="0" errors="0" timestamp="2022-02-28T13:51:21" hostname="LAPTOP-8D7O2CVU" time="0.003">
  <properties/>
  <testcase name="When a user is queried by id &quot;3&quot;" classname="Scenario: User is queried by id" time="0.0"/>
  <testcase name="Then the service response is &quot;200&quot;" classname="Scenario: User is queried by id" time="0.0"/>
  <testcase name="And the id of queried user is &quot;3&quot;" classname="Scenario: User is queried by id" time="0.0"/>
  <testcase name="And the username of queried user is &quot;Samantha&quot;" classname="Scenario: User is queried by id" time="0.0"/>
  <testcase name="classMethod" classname="Scenario: User is queried by id" time="0.149"/>
  <system-out><![CDATA[
  Scenario: All users are queried                      ?[90m# User.feature:5?[0m
    ?[32mGiven ?[0m?[32mall the users are queried from Users service?[0m ?[90m# UserSteps.queryAllUsers()?[0m
    ?[32mWhen ?[0m?[32mthe service response is "?[0m?[32m?[1m200?[0m?[32m"?[0m                 ?[90m# CommonSteps.usersServiceResponds(int)?[0m
    ?[32mThen ?[0m?[32mthere exist one or more users?[0m                 ?[90m# UserSteps.oneOrMoreUsersExist()?[0m
]]></system-out>
  <system-err><![CDATA[]]></system-err>
</testsuite>
