<?xml version="1.0" encoding="UTF-8"?>
<testsuite name="Scenario: Comment is queried by comment id" tests="6" skipped="0" failures="0" errors="0" timestamp="2022-02-28T13:51:17" hostname="LAPTOP-8D7O2CVU" time="0.015">
  <properties/>
  <testcase name="When a comment is queried by id &quot;14&quot;" classname="Scenario: Comment is queried by comment id" time="0.0"/>
  <testcase name="Then the service response is &quot;200&quot;" classname="Scenario: Comment is queried by comment id" time="0.0"/>
  <testcase name="And the id of queried comment is &quot;14&quot;" classname="Scenario: Comment is queried by comment id" time="0.0"/>
  <testcase name="And the postId of queried comment is &quot;3&quot;" classname="Scenario: Comment is queried by comment id" time="0.0"/>
  <testcase name="And the email of queried comment is &quot;Nathan@solon.io&quot;" classname="Scenario: Comment is queried by comment id" time="0.0"/>
  <testcase name="classMethod" classname="Scenario: Comment is queried by comment id" time="0.155"/>
  <system-out><![CDATA[
  Scenario: All comments are queried                         ?[90m# Comment.feature:5?[0m
    ?[32mGiven ?[0m?[32mall the comments are queried from Comments service?[0m ?[90m# CommentSteps.queryAllComments()?[0m
    ?[32mWhen ?[0m?[32mthe service response is "?[0m?[32m?[1m200?[0m?[32m"?[0m                       ?[90m# CommonSteps.usersServiceResponds(int)?[0m
    ?[32mThen ?[0m?[32mthere exist one or more comments?[0m                    ?[90m# CommentSteps.oneOrMoreCommentsExist()?[0m
]]></system-out>
  <system-err><![CDATA[]]></system-err>
</testsuite>
