<?xml version="1.0" encoding="UTF-8"?>
<testsuite name="Scenario: Comments are queried by post id" tests="4" skipped="0" failures="0" errors="0" timestamp="2022-02-28T13:51:17" hostname="LAPTOP-8D7O2CVU" time="0.001">
  <properties/>
  <testcase name="When all the comments are queried from Comments service for postId &quot;3&quot;" classname="Scenario: Comments are queried by post id" time="0.0"/>
  <testcase name="Then the service response is &quot;200&quot;" classname="Scenario: Comments are queried by post id" time="0.0"/>
  <testcase name="And there exist &quot;5&quot; comments" classname="Scenario: Comments are queried by post id" time="0.0"/>
  <testcase name="classMethod" classname="Scenario: Comments are queried by post id" time="0.182"/>
  <system-out><![CDATA[
  Scenario: Comment is queried by comment id              ?[90m# Comment.feature:10?[0m
    ?[32mWhen ?[0m?[32ma comment is queried by id "?[0m?[32m?[1m14?[0m?[32m"?[0m                  ?[90m# CommentSteps.queryCommentById(int)?[0m
    ?[32mThen ?[0m?[32mthe service response is "?[0m?[32m?[1m200?[0m?[32m"?[0m                    ?[90m# CommonSteps.usersServiceResponds(int)?[0m
    ?[32mAnd ?[0m?[32mthe id of queried comment is "?[0m?[32m?[1m14?[0m?[32m"?[0m                 ?[90m# CommentSteps.verifyIdOfComment(int)?[0m
    ?[32mAnd ?[0m?[32mthe postId of queried comment is "?[0m?[32m?[1m3?[0m?[32m"?[0m              ?[90m# CommentSteps.verifyPostIdOfComment(int)?[0m
    ?[32mAnd ?[0m?[32mthe email of queried comment is "?[0m?[32m?[1mNathan@solon.io?[0m?[32m"?[0m ?[90m# CommentSteps.verifyEmailOfComment(String)?[0m
]]></system-out>
  <system-err><![CDATA[]]></system-err>
</testsuite>
