<?xml version="1.0" encoding="UTF-8"?>
<testsuite name="Scenario: All users are queried" tests="4" skipped="0" failures="0" errors="0" timestamp="2022-02-28T13:51:21" hostname="LAPTOP-8D7O2CVU" time="0.002">
  <properties/>
  <testcase name="Given all the users are queried from Users service" classname="Scenario: All users are queried" time="0.0"/>
  <testcase name="When the service response is &quot;200&quot;" classname="Scenario: All users are queried" time="0.0"/>
  <testcase name="Then there exist one or more users" classname="Scenario: All users are queried" time="0.0"/>
  <testcase name="classMethod" classname="Scenario: All users are queried" time="0.157"/>
  <system-out><![CDATA[]]></system-out>
  <system-err><![CDATA[]]></system-err>
</testsuite>
